2017/06/28 17:07:00 [error] [exception.CHttpException.404] exception 'CHttpException' with message 'Unable to resolve the request "aosp".' in /Users/shishengyi/Projects/codingsky/aosp/framework/web/CWebApplication.php:291
Stack trace:
#0 /Users/shishengyi/Projects/codingsky/aosp/framework/web/CWebApplication.php(143): CWebApplication->runController('aosp')
#1 /Users/shishengyi/Projects/codingsky/aosp/framework/base/CApplication.php(180): CWebApplication->processRequest()
#2 /Users/shishengyi/Projects/codingsky/aosp/iprogram/index.php(7): CApplication->run()
#3 /Users/shishengyi/Projects/codingsky/aosp/index.php(36): require_once('/Users/shisheng...')
#4 {main}
REQUEST_URI=/index.php/aosp
---
2017/06/28 17:09:04 [error] [exception.CHttpException.404] exception 'CHttpException' with message 'Unable to resolve the request "user/getloginuserinfo".' in /Users/shishengyi/Projects/codingsky/aosp/framework/web/CWebApplication.php:291
Stack trace:
#0 /Users/shishengyi/Projects/codingsky/aosp/framework/web/CWebApplication.php(143): CWebApplication->runController('user/getloginus...')
#1 /Users/shishengyi/Projects/codingsky/aosp/framework/base/CApplication.php(180): CWebApplication->processRequest()
#2 /Users/shishengyi/Projects/codingsky/aosp/iprogram/index.php(7): CApplication->run()
#3 /Users/shishengyi/Projects/codingsky/aosp/index.php(36): require_once('/Users/shisheng...')
#4 {main}
REQUEST_URI=/user/getloginuserinfo
HTTP_REFERER=http://aosp.com/
---
2017/06/28 17:11:57 [error] [exception.CDbException] exception 'CDbException' with message 'CDbConnection failed to open the DB connection: SQLSTATE[HY000] [2002] Operation timed out' in /Users/shishengyi/Projects/codingsky/aosp/framework/db/CDbConnection.php:382
Stack trace:
#0 /Users/shishengyi/Projects/codingsky/aosp/framework/db/CDbConnection.php(330): CDbConnection->open()
#1 /Users/shishengyi/Projects/codingsky/aosp/framework/db/CDbConnection.php(308): CDbConnection->setActive(true)
#2 /Users/shishengyi/Projects/codingsky/aosp/framework/base/CModule.php(387): CDbConnection->init()
#3 /Users/shishengyi/Projects/codingsky/aosp/framework/base/CApplication.php(450): CModule->getComponent('db')
#4 /Users/shishengyi/Projects/codingsky/aosp/framework/db/ar/CActiveRecord.php(634): CApplication->getDb()
#5 /Users/shishengyi/Projects/codingsky/aosp/framework/db/ar/CActiveRecord.php(2403): CActiveRecord->getDbConnection()
#6 /Users/shishengyi/Projects/codingsky/aosp/framework/db/ar/CActiveRecord.php(411): CActiveRecordMetaData->__construct(Object(AndroidOsSearch))
#7 /Users/shishengyi/Projects/codingsky/aosp/framework/db/ar/CActiveRecord.php(79): CActiveRecord->getMetaData()
#8 /Users/shishengyi/Projects/codingsky/aosp/iprogram/protected/controllers/androidoscontroller.php(37): CActiveRecord->__construct()
#9 /Users/shishengyi/Projects/codingsky/aosp/framework/web/actions/CInlineAction.php(49): AndroidosController->actionIndex()
#10 /Users/shishengyi/Projects/codingsky/aosp/framework/web/CController.php(308): CInlineAction->runWithParams(Array)
#11 /Users/shishengyi/Projects/codingsky/aosp/framework/web/CController.php(286): CController->runAction(Object(CInlineAction))
#12 /Users/shishengyi/Projects/codingsky/aosp/framework/web/CController.php(265): CController->runActionWithFilters(Object(CInlineAction), Array)
#13 /Users/shishengyi/Projects/codingsky/aosp/framework/web/CWebApplication.php(287): CController->run('index')
#14 /Users/shishengyi/Projects/codingsky/aosp/framework/web/CWebApplication.php(143): CWebApplication->runController('')
#15 /Users/shishengyi/Projects/codingsky/aosp/framework/base/CApplication.php(180): CWebApplication->processRequest()
#16 /Users/shishengyi/Projects/codingsky/aosp/iprogram/index.php(7): CApplication->run()
#17 /Users/shishengyi/Projects/codingsky/aosp/index.php(36): require_once('/Users/shisheng...')
#18 {main}
REQUEST_URI=/?q=tt
HTTP_REFERER=http://aosp.com/
---
2017/06/28 17:11:57 [error] [exception.CDbException] exception 'CDbException' with message 'CDbConnection failed to open the DB connection: SQLSTATE[HY000] [1045] Access denied for user 'root'@'localhost' (using password: YES)' in /Users/shishengyi/Projects/codingsky/aosp/framework/db/CDbConnection.php:382
Stack trace:
#0 /Users/shishengyi/Projects/codingsky/aosp/framework/db/CDbConnection.php(330): CDbConnection->open()
#1 /Users/shishengyi/Projects/codingsky/aosp/framework/db/CDbConnection.php(308): CDbConnection->setActive(true)
#2 /Users/shishengyi/Projects/codingsky/aosp/framework/base/CModule.php(387): CDbConnection->init()
#3 /Users/shishengyi/Projects/codingsky/aosp/framework/base/CApplication.php(450): CModule->getComponent('db')
#4 /Users/shishengyi/Projects/codingsky/aosp/framework/db/ar/CActiveRecord.php(634): CApplication->getDb()
#5 /Users/shishengyi/Projects/codingsky/aosp/framework/db/ar/CActiveRecord.php(2403): CActiveRecord->getDbConnection()
#6 /Users/shishengyi/Projects/codingsky/aosp/framework/db/ar/CActiveRecord.php(411): CActiveRecordMetaData->__construct(Object(AndroidOsSearch))
#7 /Users/shishengyi/Projects/codingsky/aosp/framework/db/ar/CActiveRecord.php(79): CActiveRecord->getMetaData()
#8 /Users/shishengyi/Projects/codingsky/aosp/iprogram/protected/controllers/androidoscontroller.php(37): CActiveRecord->__construct()
#9 /Users/shishengyi/Projects/codingsky/aosp/framework/web/actions/CInlineAction.php(49): AndroidosController->actionIndex()
#10 /Users/shishengyi/Projects/codingsky/aosp/framework/web/CController.php(308): CInlineAction->runWithParams(Array)
#11 /Users/shishengyi/Projects/codingsky/aosp/framework/web/CController.php(286): CController->runAction(Object(CInlineAction))
#12 /Users/shishengyi/Projects/codingsky/aosp/framework/web/CController.php(265): CController->runActionWithFilters(Object(CInlineAction), Array)
#13 /Users/shishengyi/Projects/codingsky/aosp/framework/web/CWebApplication.php(287): CController->run('index')
#14 /Users/shishengyi/Projects/codingsky/aosp/framework/web/CWebApplication.php(143): CWebApplication->runController('')
#15 /Users/shishengyi/Projects/codingsky/aosp/framework/base/CApplication.php(180): CWebApplication->processRequest()
#16 /Users/shishengyi/Projects/codingsky/aosp/iprogram/index.php(7): CApplication->run()
#17 /Users/shishengyi/Projects/codingsky/aosp/index.php(36): require_once('/Users/shisheng...')
#18 {main}
REQUEST_URI=/?q=tt
HTTP_REFERER=http://aosp.com/
---
2017/06/28 17:11:59 [error] [exception.CHttpException.404] exception 'CHttpException' with message 'Unable to resolve the request "user/getloginuserinfo".' in /Users/shishengyi/Projects/codingsky/aosp/framework/web/CWebApplication.php:291
Stack trace:
#0 /Users/shishengyi/Projects/codingsky/aosp/framework/web/CWebApplication.php(143): CWebApplication->runController('user/getloginus...')
#1 /Users/shishengyi/Projects/codingsky/aosp/framework/base/CApplication.php(180): CWebApplication->processRequest()
#2 /Users/shishengyi/Projects/codingsky/aosp/iprogram/index.php(7): CApplication->run()
#3 /Users/shishengyi/Projects/codingsky/aosp/index.php(36): require_once('/Users/shisheng...')
#4 {main}
REQUEST_URI=/user/getloginuserinfo
HTTP_REFERER=http://aosp.com/
---
2017/06/28 17:12:13 [error] [exception.CDbException] exception 'CDbException' with message 'CDbConnection failed to open the DB connection: SQLSTATE[HY000] [1045] Access denied for user 'root'@'localhost' (using password: YES)' in /Users/shishengyi/Projects/codingsky/aosp/framework/db/CDbConnection.php:382
Stack trace:
#0 /Users/shishengyi/Projects/codingsky/aosp/framework/db/CDbConnection.php(330): CDbConnection->open()
#1 /Users/shishengyi/Projects/codingsky/aosp/framework/db/CDbConnection.php(308): CDbConnection->setActive(true)
#2 /Users/shishengyi/Projects/codingsky/aosp/framework/base/CModule.php(387): CDbConnection->init()
#3 /Users/shishengyi/Projects/codingsky/aosp/framework/base/CApplication.php(450): CModule->getComponent('db')
#4 /Users/shishengyi/Projects/codingsky/aosp/framework/db/ar/CActiveRecord.php(634): CApplication->getDb()
#5 /Users/shishengyi/Projects/codingsky/aosp/framework/db/ar/CActiveRecord.php(2403): CActiveRecord->getDbConnection()
#6 /Users/shishengyi/Projects/codingsky/aosp/framework/db/ar/CActiveRecord.php(411): CActiveRecordMetaData->__construct(Object(AndroidOsSearch))
#7 /Users/shishengyi/Projects/codingsky/aosp/framework/db/ar/CActiveRecord.php(79): CActiveRecord->getMetaData()
#8 /Users/shishengyi/Projects/codingsky/aosp/iprogram/protected/controllers/androidoscontroller.php(37): CActiveRecord->__construct()
#9 /Users/shishengyi/Projects/codingsky/aosp/framework/web/actions/CInlineAction.php(49): AndroidosController->actionIndex()
#10 /Users/shishengyi/Projects/codingsky/aosp/framework/web/CController.php(308): CInlineAction->runWithParams(Array)
#11 /Users/shishengyi/Projects/codingsky/aosp/framework/web/CController.php(286): CController->runAction(Object(CInlineAction))
#12 /Users/shishengyi/Projects/codingsky/aosp/framework/web/CController.php(265): CController->runActionWithFilters(Object(CInlineAction), Array)
#13 /Users/shishengyi/Projects/codingsky/aosp/framework/web/CWebApplication.php(287): CController->run('index')
#14 /Users/shishengyi/Projects/codingsky/aosp/framework/web/CWebApplication.php(143): CWebApplication->runController('')
#15 /Users/shishengyi/Projects/codingsky/aosp/framework/base/CApplication.php(180): CWebApplication->processRequest()
#16 /Users/shishengyi/Projects/codingsky/aosp/iprogram/index.php(7): CApplication->run()
#17 /Users/shishengyi/Projects/codingsky/aosp/index.php(36): require_once('/Users/shisheng...')
#18 {main}
REQUEST_URI=/?q=test
HTTP_REFERER=http://aosp.com/
---
2017/06/28 17:13:09 [error] [exception.CHttpException.404] exception 'CHttpException' with message 'Unable to resolve the request "user/getloginuserinfo".' in /Users/shishengyi/Projects/codingsky/aosp/framework/web/CWebApplication.php:291
Stack trace:
#0 /Users/shishengyi/Projects/codingsky/aosp/framework/web/CWebApplication.php(143): CWebApplication->runController('user/getloginus...')
#1 /Users/shishengyi/Projects/codingsky/aosp/framework/base/CApplication.php(180): CWebApplication->processRequest()
#2 /Users/shishengyi/Projects/codingsky/aosp/iprogram/index.php(7): CApplication->run()
#3 /Users/shishengyi/Projects/codingsky/aosp/index.php(36): require_once('/Users/shisheng...')
#4 {main}
REQUEST_URI=/user/getloginuserinfo
HTTP_REFERER=http://aosp.com/?q=test
---
2017/06/28 17:16:01 [error] [exception.CHttpException.404] exception 'CHttpException' with message 'Unable to resolve the request "user/getloginuserinfo".' in /Users/shishengyi/Projects/codingsky/aosp/framework/web/CWebApplication.php:291
Stack trace:
#0 /Users/shishengyi/Projects/codingsky/aosp/framework/web/CWebApplication.php(143): CWebApplication->runController('user/getloginus...')
#1 /Users/shishengyi/Projects/codingsky/aosp/framework/base/CApplication.php(180): CWebApplication->processRequest()
#2 /Users/shishengyi/Projects/codingsky/aosp/iprogram/index.php(7): CApplication->run()
#3 /Users/shishengyi/Projects/codingsky/aosp/index.php(36): require_once('/Users/shisheng...')
#4 {main}
REQUEST_URI=/user/getloginuserinfo
HTTP_REFERER=http://aosp.com/?q=test
---
2017/06/28 17:16:04 [error] [exception.CHttpException.404] exception 'CHttpException' with message 'Unable to resolve the request "user/getloginuserinfo".' in /Users/shishengyi/Projects/codingsky/aosp/framework/web/CWebApplication.php:291
Stack trace:
#0 /Users/shishengyi/Projects/codingsky/aosp/framework/web/CWebApplication.php(143): CWebApplication->runController('user/getloginus...')
#1 /Users/shishengyi/Projects/codingsky/aosp/framework/base/CApplication.php(180): CWebApplication->processRequest()
#2 /Users/shishengyi/Projects/codingsky/aosp/iprogram/index.php(7): CApplication->run()
#3 /Users/shishengyi/Projects/codingsky/aosp/index.php(36): require_once('/Users/shisheng...')
#4 {main}
REQUEST_URI=/user/getloginuserinfo
HTTP_REFERER=http://aosp.com/?q=test
---
2017/06/28 17:17:40 [error] [exception.CHttpException.404] exception 'CHttpException' with message 'Unable to resolve the request "user/getloginuserinfo".' in /Users/shishengyi/Projects/codingsky/aosp/framework/web/CWebApplication.php:291
Stack trace:
#0 /Users/shishengyi/Projects/codingsky/aosp/framework/web/CWebApplication.php(143): CWebApplication->runController('user/getloginus...')
#1 /Users/shishengyi/Projects/codingsky/aosp/framework/base/CApplication.php(180): CWebApplication->processRequest()
#2 /Users/shishengyi/Projects/codingsky/aosp/iprogram/index.php(7): CApplication->run()
#3 /Users/shishengyi/Projects/codingsky/aosp/index.php(36): require_once('/Users/shisheng...')
#4 {main}
REQUEST_URI=/user/getloginuserinfo
HTTP_REFERER=http://aosp.com/?q=test
---
2017/06/28 17:17:58 [error] [exception.CHttpException.404] exception 'CHttpException' with message 'Unable to resolve the request "user/getloginuserinfo".' in /Users/shishengyi/Projects/codingsky/aosp/framework/web/CWebApplication.php:291
Stack trace:
#0 /Users/shishengyi/Projects/codingsky/aosp/framework/web/CWebApplication.php(143): CWebApplication->runController('user/getloginus...')
#1 /Users/shishengyi/Projects/codingsky/aosp/framework/base/CApplication.php(180): CWebApplication->processRequest()
#2 /Users/shishengyi/Projects/codingsky/aosp/iprogram/index.php(7): CApplication->run()
#3 /Users/shishengyi/Projects/codingsky/aosp/index.php(36): require_once('/Users/shisheng...')
#4 {main}
REQUEST_URI=/user/getloginuserinfo
HTTP_REFERER=http://aosp.com/?q=test
---
2017/06/28 17:18:11 [error] [exception.CHttpException.404] exception 'CHttpException' with message 'Unable to resolve the request "user/getloginuserinfo".' in /Users/shishengyi/Projects/codingsky/aosp/framework/web/CWebApplication.php:291
Stack trace:
#0 /Users/shishengyi/Projects/codingsky/aosp/framework/web/CWebApplication.php(143): CWebApplication->runController('user/getloginus...')
#1 /Users/shishengyi/Projects/codingsky/aosp/framework/base/CApplication.php(180): CWebApplication->processRequest()
#2 /Users/shishengyi/Projects/codingsky/aosp/iprogram/index.php(7): CApplication->run()
#3 /Users/shishengyi/Projects/codingsky/aosp/index.php(36): require_once('/Users/shisheng...')
#4 {main}
REQUEST_URI=/user/getloginuserinfo
HTTP_REFERER=http://aosp.com/?q=test
---
2017/06/28 17:18:43 [error] [exception.CHttpException.404] exception 'CHttpException' with message 'Unable to resolve the request "user/getloginuserinfo".' in /Users/shishengyi/Projects/codingsky/aosp/framework/web/CWebApplication.php:291
Stack trace:
#0 /Users/shishengyi/Projects/codingsky/aosp/framework/web/CWebApplication.php(143): CWebApplication->runController('user/getloginus...')
#1 /Users/shishengyi/Projects/codingsky/aosp/framework/base/CApplication.php(180): CWebApplication->processRequest()
#2 /Users/shishengyi/Projects/codingsky/aosp/iprogram/index.php(7): CApplication->run()
#3 /Users/shishengyi/Projects/codingsky/aosp/index.php(36): require_once('/Users/shisheng...')
#4 {main}
REQUEST_URI=/user/getloginuserinfo
HTTP_REFERER=http://aosp.com/?q=test
---
2017/06/28 17:18:57 [error] [exception.CHttpException.404] exception 'CHttpException' with message 'Unable to resolve the request "user/getloginuserinfo".' in /Users/shishengyi/Projects/codingsky/aosp/framework/web/CWebApplication.php:291
Stack trace:
#0 /Users/shishengyi/Projects/codingsky/aosp/framework/web/CWebApplication.php(143): CWebApplication->runController('user/getloginus...')
#1 /Users/shishengyi/Projects/codingsky/aosp/framework/base/CApplication.php(180): CWebApplication->processRequest()
#2 /Users/shishengyi/Projects/codingsky/aosp/iprogram/index.php(7): CApplication->run()
#3 /Users/shishengyi/Projects/codingsky/aosp/index.php(36): require_once('/Users/shisheng...')
#4 {main}
REQUEST_URI=/user/getloginuserinfo
HTTP_REFERER=http://aosp.com/?q=test
---
2017/06/28 17:19:15 [error] [exception.CHttpException.404] exception 'CHttpException' with message 'Unable to resolve the request "user/getloginuserinfo".' in /Users/shishengyi/Projects/codingsky/aosp/framework/web/CWebApplication.php:291
Stack trace:
#0 /Users/shishengyi/Projects/codingsky/aosp/framework/web/CWebApplication.php(143): CWebApplication->runController('user/getloginus...')
#1 /Users/shishengyi/Projects/codingsky/aosp/framework/base/CApplication.php(180): CWebApplication->processRequest()
#2 /Users/shishengyi/Projects/codingsky/aosp/iprogram/index.php(7): CApplication->run()
#3 /Users/shishengyi/Projects/codingsky/aosp/index.php(36): require_once('/Users/shisheng...')
#4 {main}
REQUEST_URI=/user/getloginuserinfo
HTTP_REFERER=http://aosp.com/?q=test
---
2017/06/29 04:48:55 [error] [exception.CHttpException.404] exception 'CHttpException' with message 'Unable to resolve the request "user/getloginuserinfo".' in /Users/shishengyi/Projects/codingsky/aosp/framework/web/CWebApplication.php:291
Stack trace:
#0 /Users/shishengyi/Projects/codingsky/aosp/framework/web/CWebApplication.php(143): CWebApplication->runController('user/getloginus...')
#1 /Users/shishengyi/Projects/codingsky/aosp/framework/base/CApplication.php(180): CWebApplication->processRequest()
#2 /Users/shishengyi/Projects/codingsky/aosp/iprogram/index.php(7): CApplication->run()
#3 /Users/shishengyi/Projects/codingsky/aosp/index.php(24): require_once('/Users/shisheng...')
#4 {main}
REQUEST_URI=/user/getloginuserinfo
HTTP_REFERER=http://aosp.com/
---
2017/06/29 04:48:59 [error] [exception.CHttpException.404] exception 'CHttpException' with message 'Unable to resolve the request "user/getloginuserinfo".' in /Users/shishengyi/Projects/codingsky/aosp/framework/web/CWebApplication.php:291
Stack trace:
#0 /Users/shishengyi/Projects/codingsky/aosp/framework/web/CWebApplication.php(143): CWebApplication->runController('user/getloginus...')
#1 /Users/shishengyi/Projects/codingsky/aosp/framework/base/CApplication.php(180): CWebApplication->processRequest()
#2 /Users/shishengyi/Projects/codingsky/aosp/iprogram/index.php(7): CApplication->run()
#3 /Users/shishengyi/Projects/codingsky/aosp/index.php(24): require_once('/Users/shisheng...')
#4 {main}
REQUEST_URI=/user/getloginuserinfo
HTTP_REFERER=http://aosp.com/api/4?path=/frameworks
---
2017/06/29 04:49:02 [error] [exception.CHttpException.404] exception 'CHttpException' in /Users/shishengyi/Projects/codingsky/aosp/iprogram/protected/controllers/androidoscontroller.php:107
Stack trace:
#0 /Users/shishengyi/Projects/codingsky/aosp/framework/web/actions/CInlineAction.php(49): AndroidosController->actionBrowser()
#1 /Users/shishengyi/Projects/codingsky/aosp/framework/web/CController.php(308): CInlineAction->runWithParams(Array)
#2 /Users/shishengyi/Projects/codingsky/aosp/framework/web/CController.php(286): CController->runAction(Object(CInlineAction))
#3 /Users/shishengyi/Projects/codingsky/aosp/framework/web/CController.php(265): CController->runActionWithFilters(Object(CInlineAction), Array)
#4 /Users/shishengyi/Projects/codingsky/aosp/framework/web/CWebApplication.php(287): CController->run('browser')
#5 /Users/shishengyi/Projects/codingsky/aosp/framework/web/CWebApplication.php(143): CWebApplication->runController('androidos/brows...')
#6 /Users/shishengyi/Projects/codingsky/aosp/framework/base/CApplication.php(180): CWebApplication->processRequest()
#7 /Users/shishengyi/Projects/codingsky/aosp/iprogram/index.php(7): CApplication->run()
#8 /Users/shishengyi/Projects/codingsky/aosp/index.php(24): require_once('/Users/shisheng...')
#9 {main}
REQUEST_URI=/api/0
---
2017/06/29 04:49:16 [error] [exception.CHttpException.404] exception 'CHttpException' in /Users/shishengyi/Projects/codingsky/aosp/iprogram/protected/controllers/androidoscontroller.php:107
Stack trace:
#0 /Users/shishengyi/Projects/codingsky/aosp/framework/web/actions/CInlineAction.php(49): AndroidosController->actionBrowser()
#1 /Users/shishengyi/Projects/codingsky/aosp/framework/web/CController.php(308): CInlineAction->runWithParams(Array)
#2 /Users/shishengyi/Projects/codingsky/aosp/framework/web/CController.php(286): CController->runAction(Object(CInlineAction))
#3 /Users/shishengyi/Projects/codingsky/aosp/framework/web/CController.php(265): CController->runActionWithFilters(Object(CInlineAction), Array)
#4 /Users/shishengyi/Projects/codingsky/aosp/framework/web/CWebApplication.php(287): CController->run('browser')
#5 /Users/shishengyi/Projects/codingsky/aosp/framework/web/CWebApplication.php(143): CWebApplication->runController('androidos/brows...')
#6 /Users/shishengyi/Projects/codingsky/aosp/framework/base/CApplication.php(180): CWebApplication->processRequest()
#7 /Users/shishengyi/Projects/codingsky/aosp/iprogram/index.php(7): CApplication->run()
#8 /Users/shishengyi/Projects/codingsky/aosp/index.php(24): require_once('/Users/shisheng...')
#9 {main}
REQUEST_URI=/api/0
---
2017/06/29 04:49:40 [error] [exception.CHttpException.404] exception 'CHttpException' in /Users/shishengyi/Projects/codingsky/aosp/iprogram/protected/controllers/androidoscontroller.php:107
Stack trace:
#0 /Users/shishengyi/Projects/codingsky/aosp/framework/web/actions/CInlineAction.php(49): AndroidosController->actionBrowser()
#1 /Users/shishengyi/Projects/codingsky/aosp/framework/web/CController.php(308): CInlineAction->runWithParams(Array)
#2 /Users/shishengyi/Projects/codingsky/aosp/framework/web/CController.php(286): CController->runAction(Object(CInlineAction))
#3 /Users/shishengyi/Projects/codingsky/aosp/framework/web/CController.php(265): CController->runActionWithFilters(Object(CInlineAction), Array)
#4 /Users/shishengyi/Projects/codingsky/aosp/framework/web/CWebApplication.php(287): CController->run('browser')
#5 /Users/shishengyi/Projects/codingsky/aosp/framework/web/CWebApplication.php(143): CWebApplication->runController('androidos/brows...')
#6 /Users/shishengyi/Projects/codingsky/aosp/framework/base/CApplication.php(180): CWebApplication->processRequest()
#7 /Users/shishengyi/Projects/codingsky/aosp/iprogram/index.php(7): CApplication->run()
#8 /Users/shishengyi/Projects/codingsky/aosp/index.php(24): require_once('/Users/shisheng...')
#9 {main}
REQUEST_URI=/api/0
---
2017/06/29 04:50:11 [error] [exception.CHttpException.404] exception 'CHttpException' in /Users/shishengyi/Projects/codingsky/aosp/iprogram/protected/controllers/androidoscontroller.php:107
Stack trace:
#0 /Users/shishengyi/Projects/codingsky/aosp/framework/web/actions/CInlineAction.php(49): AndroidosController->actionBrowser()
#1 /Users/shishengyi/Projects/codingsky/aosp/framework/web/CController.php(308): CInlineAction->runWithParams(Array)
#2 /Users/shishengyi/Projects/codingsky/aosp/framework/web/CController.php(286): CController->runAction(Object(CInlineAction))
#3 /Users/shishengyi/Projects/codingsky/aosp/framework/web/CController.php(265): CController->runActionWithFilters(Object(CInlineAction), Array)
#4 /Users/shishengyi/Projects/codingsky/aosp/framework/web/CWebApplication.php(287): CController->run('browser')
#5 /Users/shishengyi/Projects/codingsky/aosp/framework/web/CWebApplication.php(143): CWebApplication->runController('androidos/brows...')
#6 /Users/shishengyi/Projects/codingsky/aosp/framework/base/CApplication.php(180): CWebApplication->processRequest()
#7 /Users/shishengyi/Projects/codingsky/aosp/iprogram/index.php(7): CApplication->run()
#8 /Users/shishengyi/Projects/codingsky/aosp/index.php(24): require_once('/Users/shisheng...')
#9 {main}
REQUEST_URI=/api/0
---
2017/06/29 04:50:36 [error] [exception.CHttpException.404] exception 'CHttpException' in /Users/shishengyi/Projects/codingsky/aosp/iprogram/protected/controllers/androidoscontroller.php:107
Stack trace:
#0 /Users/shishengyi/Projects/codingsky/aosp/framework/web/actions/CInlineAction.php(49): AndroidosController->actionBrowser()
#1 /Users/shishengyi/Projects/codingsky/aosp/framework/web/CController.php(308): CInlineAction->runWithParams(Array)
#2 /Users/shishengyi/Projects/codingsky/aosp/framework/web/CController.php(286): CController->runAction(Object(CInlineAction))
#3 /Users/shishengyi/Projects/codingsky/aosp/framework/web/CController.php(265): CController->runActionWithFilters(Object(CInlineAction), Array)
#4 /Users/shishengyi/Projects/codingsky/aosp/framework/web/CWebApplication.php(287): CController->run('browser')
#5 /Users/shishengyi/Projects/codingsky/aosp/framework/web/CWebApplication.php(143): CWebApplication->runController('androidos/brows...')
#6 /Users/shishengyi/Projects/codingsky/aosp/framework/base/CApplication.php(180): CWebApplication->processRequest()
#7 /Users/shishengyi/Projects/codingsky/aosp/iprogram/index.php(7): CApplication->run()
#8 /Users/shishengyi/Projects/codingsky/aosp/index.php(24): require_once('/Users/shisheng...')
#9 {main}
REQUEST_URI=/api/0
---
2017/06/29 04:50:46 [error] [exception.CHttpException.404] exception 'CHttpException' in /Users/shishengyi/Projects/codingsky/aosp/iprogram/protected/controllers/androidoscontroller.php:107
Stack trace:
#0 /Users/shishengyi/Projects/codingsky/aosp/framework/web/actions/CInlineAction.php(49): AndroidosController->actionBrowser()
#1 /Users/shishengyi/Projects/codingsky/aosp/framework/web/CController.php(308): CInlineAction->runWithParams(Array)
#2 /Users/shishengyi/Projects/codingsky/aosp/framework/web/CController.php(286): CController->runAction(Object(CInlineAction))
#3 /Users/shishengyi/Projects/codingsky/aosp/framework/web/CController.php(265): CController->runActionWithFilters(Object(CInlineAction), Array)
#4 /Users/shishengyi/Projects/codingsky/aosp/framework/web/CWebApplication.php(287): CController->run('browser')
#5 /Users/shishengyi/Projects/codingsky/aosp/framework/web/CWebApplication.php(143): CWebApplication->runController('androidos/brows...')
#6 /Users/shishengyi/Projects/codingsky/aosp/framework/base/CApplication.php(180): CWebApplication->processRequest()
#7 /Users/shishengyi/Projects/codingsky/aosp/iprogram/index.php(7): CApplication->run()
#8 /Users/shishengyi/Projects/codingsky/aosp/index.php(24): require_once('/Users/shisheng...')
#9 {main}
REQUEST_URI=/api/0
---
2017/06/29 04:51:59 [error] [exception.CHttpException.404] exception 'CHttpException' in /Users/shishengyi/Projects/codingsky/aosp/iprogram/protected/controllers/androidoscontroller.php:107
Stack trace:
#0 /Users/shishengyi/Projects/codingsky/aosp/framework/web/actions/CInlineAction.php(49): AndroidosController->actionBrowser()
#1 /Users/shishengyi/Projects/codingsky/aosp/framework/web/CController.php(308): CInlineAction->runWithParams(Array)
#2 /Users/shishengyi/Projects/codingsky/aosp/framework/web/CController.php(286): CController->runAction(Object(CInlineAction))
#3 /Users/shishengyi/Projects/codingsky/aosp/framework/web/CController.php(265): CController->runActionWithFilters(Object(CInlineAction), Array)
#4 /Users/shishengyi/Projects/codingsky/aosp/framework/web/CWebApplication.php(287): CController->run('browser')
#5 /Users/shishengyi/Projects/codingsky/aosp/framework/web/CWebApplication.php(143): CWebApplication->runController('androidos/brows...')
#6 /Users/shishengyi/Projects/codingsky/aosp/framework/base/CApplication.php(180): CWebApplication->processRequest()
#7 /Users/shishengyi/Projects/codingsky/aosp/iprogram/index.php(7): CApplication->run()
#8 /Users/shishengyi/Projects/codingsky/aosp/index.php(24): require_once('/Users/shisheng...')
#9 {main}
REQUEST_URI=/api/0
---
2017/06/29 07:09:42 [error] [exception.CHttpException.404] exception 'CHttpException' in /Users/shishengyi/Projects/codingsky/aosp/iprogram/protected/controllers/androidoscontroller.php:107
Stack trace:
#0 /Users/shishengyi/Projects/codingsky/aosp/framework/web/actions/CInlineAction.php(49): AndroidosController->actionBrowser()
#1 /Users/shishengyi/Projects/codingsky/aosp/framework/web/CController.php(308): CInlineAction->runWithParams(Array)
#2 /Users/shishengyi/Projects/codingsky/aosp/framework/web/CController.php(286): CController->runAction(Object(CInlineAction))
#3 /Users/shishengyi/Projects/codingsky/aosp/framework/web/CController.php(265): CController->runActionWithFilters(Object(CInlineAction), Array)
#4 /Users/shishengyi/Projects/codingsky/aosp/framework/web/CWebApplication.php(287): CController->run('browser')
#5 /Users/shishengyi/Projects/codingsky/aosp/framework/web/CWebApplication.php(143): CWebApplication->runController('androidos/brows...')
#6 /Users/shishengyi/Projects/codingsky/aosp/framework/base/CApplication.php(180): CWebApplication->processRequest()
#7 /Users/shishengyi/Projects/codingsky/aosp/iprogram/index.php(7): CApplication->run()
#8 /Users/shishengyi/Projects/codingsky/aosp/index.php(24): require_once('/Users/shisheng...')
#9 {main}
REQUEST_URI=/api/0
---
2017/06/29 07:10:21 [error] [exception.CHttpException.404] exception 'CHttpException' in /Users/shishengyi/Projects/codingsky/aosp/iprogram/protected/controllers/androidoscontroller.php:107
Stack trace:
#0 /Users/shishengyi/Projects/codingsky/aosp/framework/web/actions/CInlineAction.php(49): AndroidosController->actionBrowser()
#1 /Users/shishengyi/Projects/codingsky/aosp/framework/web/CController.php(308): CInlineAction->runWithParams(Array)
#2 /Users/shishengyi/Projects/codingsky/aosp/framework/web/CController.php(286): CController->runAction(Object(CInlineAction))
#3 /Users/shishengyi/Projects/codingsky/aosp/framework/web/CController.php(265): CController->runActionWithFilters(Object(CInlineAction), Array)
#4 /Users/shishengyi/Projects/codingsky/aosp/framework/web/CWebApplication.php(287): CController->run('browser')
#5 /Users/shishengyi/Projects/codingsky/aosp/framework/web/CWebApplication.php(143): CWebApplication->runController('androidos/brows...')
#6 /Users/shishengyi/Projects/codingsky/aosp/framework/base/CApplication.php(180): CWebApplication->processRequest()
#7 /Users/shishengyi/Projects/codingsky/aosp/iprogram/index.php(7): CApplication->run()
#8 /Users/shishengyi/Projects/codingsky/aosp/index.php(24): require_once('/Users/shisheng...')
#9 {main}
REQUEST_URI=/api/0
---
2017/06/29 07:25:02 [error] [exception.CHttpException.404] exception 'CHttpException' with message 'Unable to resolve the request "user/getloginuserinfo".' in /Users/shishengyi/Projects/codingsky/aosp/framework/web/CWebApplication.php:291
Stack trace:
#0 /Users/shishengyi/Projects/codingsky/aosp/framework/web/CWebApplication.php(143): CWebApplication->runController('user/getloginus...')
#1 /Users/shishengyi/Projects/codingsky/aosp/framework/base/CApplication.php(180): CWebApplication->processRequest()
#2 /Users/shishengyi/Projects/codingsky/aosp/iprogram/index.php(7): CApplication->run()
#3 /Users/shishengyi/Projects/codingsky/aosp/index.php(24): require_once('/Users/shisheng...')
#4 {main}
REQUEST_URI=/user/getloginuserinfo
HTTP_REFERER=http://aosp.com/
---
2017/06/29 07:25:33 [error] [exception.CDbException] SQLSTATE[HY000] [2002] Operation timed out
2017/06/29 07:25:33 [error] [exception.CDbException] exception 'CDbException' with message 'CDbConnection failed to open the DB connection.' in /Users/shishengyi/Projects/codingsky/aosp/framework/db/CDbConnection.php:388
Stack trace:
#0 /Users/shishengyi/Projects/codingsky/aosp/framework/db/CDbConnection.php(330): CDbConnection->open()
#1 /Users/shishengyi/Projects/codingsky/aosp/framework/db/CDbConnection.php(308): CDbConnection->setActive(true)
#2 /Users/shishengyi/Projects/codingsky/aosp/framework/base/CModule.php(387): CDbConnection->init()
#3 /Users/shishengyi/Projects/codingsky/aosp/framework/base/CApplication.php(450): CModule->getComponent('db')
#4 /Users/shishengyi/Projects/codingsky/aosp/framework/db/ar/CActiveRecord.php(634): CApplication->getDb()
#5 /Users/shishengyi/Projects/codingsky/aosp/framework/db/ar/CActiveRecord.php(2403): CActiveRecord->getDbConnection()
#6 /Users/shishengyi/Projects/codingsky/aosp/framework/db/ar/CActiveRecord.php(411): CActiveRecordMetaData->__construct(Object(AndroidOsSearch))
#7 /Users/shishengyi/Projects/codingsky/aosp/framework/db/ar/CActiveRecord.php(79): CActiveRecord->getMetaData()
#8 /Users/shishengyi/Projects/codingsky/aosp/iprogram/protected/controllers/androidoscontroller.php(31): CActiveRecord->__construct()
#9 /Users/shishengyi/Projects/codingsky/aosp/framework/web/actions/CInlineAction.php(49): AndroidosController->actionIndex()
#10 /Users/shishengyi/Projects/codingsky/aosp/framework/web/CController.php(308): CInlineAction->runWithParams(Array)
#11 /Users/shishengyi/Projects/codingsky/aosp/framework/web/CController.php(286): CController->runAction(Object(CInlineAction))
#12 /Users/shishengyi/Projects/codingsky/aosp/framework/web/CController.php(265): CController->runActionWithFilters(Object(CInlineAction), Array)
#13 /Users/shishengyi/Projects/codingsky/aosp/framework/web/CWebApplication.php(287): CController->run('index')
#14 /Users/shishengyi/Projects/codingsky/aosp/framework/web/CWebApplication.php(143): CWebApplication->runController('')
#15 /Users/shishengyi/Projects/codingsky/aosp/framework/base/CApplication.php(180): CWebApplication->processRequest()
#16 /Users/shishengyi/Projects/codingsky/aosp/iprogram/index.php(7): CApplication->run()
#17 /Users/shishengyi/Projects/codingsky/aosp/index.php(24): require_once('/Users/shisheng...')
#18 {main}
REQUEST_URI=/?q=test
HTTP_REFERER=http://aosp.com/
---
2017/06/29 07:26:03 [error] [exception.CDbException] SQLSTATE[HY000] [2002] Operation timed out
2017/06/29 07:26:03 [error] [exception.CDbException] exception 'CDbException' with message 'CDbConnection failed to open the DB connection.' in /Users/shishengyi/Projects/codingsky/aosp/framework/db/CDbConnection.php:388
Stack trace:
#0 /Users/shishengyi/Projects/codingsky/aosp/framework/db/CDbConnection.php(330): CDbConnection->open()
#1 /Users/shishengyi/Projects/codingsky/aosp/framework/db/CDbConnection.php(308): CDbConnection->setActive(true)
#2 /Users/shishengyi/Projects/codingsky/aosp/framework/base/CModule.php(387): CDbConnection->init()
#3 /Users/shishengyi/Projects/codingsky/aosp/framework/base/CApplication.php(450): CModule->getComponent('db')
#4 /Users/shishengyi/Projects/codingsky/aosp/framework/db/ar/CActiveRecord.php(634): CApplication->getDb()
#5 /Users/shishengyi/Projects/codingsky/aosp/framework/db/ar/CActiveRecord.php(2403): CActiveRecord->getDbConnection()
#6 /Users/shishengyi/Projects/codingsky/aosp/framework/db/ar/CActiveRecord.php(411): CActiveRecordMetaData->__construct(Object(AndroidOsInfo))
#7 /Users/shishengyi/Projects/codingsky/aosp/framework/db/ar/CActiveRecord.php(79): CActiveRecord->getMetaData()
#8 /Users/shishengyi/Projects/codingsky/aosp/iprogram/protected/controllers/androidoscontroller.php(147): CActiveRecord->__construct()
#9 /Users/shishengyi/Projects/codingsky/aosp/framework/web/actions/CInlineAction.php(49): AndroidosController->actionBrowser()
#10 /Users/shishengyi/Projects/codingsky/aosp/framework/web/CController.php(308): CInlineAction->runWithParams(Array)
#11 /Users/shishengyi/Projects/codingsky/aosp/framework/web/CController.php(286): CController->runAction(Object(CInlineAction))
#12 /Users/shishengyi/Projects/codingsky/aosp/framework/web/CController.php(265): CController->runActionWithFilters(Object(CInlineAction), Array)
#13 /Users/shishengyi/Projects/codingsky/aosp/framework/web/CWebApplication.php(287): CController->run('browser')
#14 /Users/shishengyi/Projects/codingsky/aosp/framework/web/CWebApplication.php(143): CWebApplication->runController('androidos/brows...')
#15 /Users/shishengyi/Projects/codingsky/aosp/framework/base/CApplication.php(180): CWebApplication->processRequest()
#16 /Users/shishengyi/Projects/codingsky/aosp/iprogram/index.php(7): CApplication->run()
#17 /Users/shishengyi/Projects/codingsky/aosp/index.php(24): require_once('/Users/shisheng...')
#18 {main}
REQUEST_URI=/api/4?path=/frameworks
HTTP_REFERER=http://aosp.com/
---
2017/06/29 07:26:03 [error] [exception.CHttpException.404] exception 'CHttpException' in /Users/shishengyi/Projects/codingsky/aosp/iprogram/protected/controllers/androidoscontroller.php:84
Stack trace:
#0 /Users/shishengyi/Projects/codingsky/aosp/framework/web/actions/CInlineAction.php(49): AndroidosController->actionBrowser()
#1 /Users/shishengyi/Projects/codingsky/aosp/framework/web/CController.php(308): CInlineAction->runWithParams(Array)
#2 /Users/shishengyi/Projects/codingsky/aosp/framework/web/CController.php(286): CController->runAction(Object(CInlineAction))
#3 /Users/shishengyi/Projects/codingsky/aosp/framework/web/CController.php(265): CController->runActionWithFilters(Object(CInlineAction), Array)
#4 /Users/shishengyi/Projects/codingsky/aosp/framework/web/CWebApplication.php(287): CController->run('browser')
#5 /Users/shishengyi/Projects/codingsky/aosp/framework/web/CWebApplication.php(143): CWebApplication->runController('androidos/brows...')
#6 /Users/shishengyi/Projects/codingsky/aosp/framework/base/CApplication.php(180): CWebApplication->processRequest()
#7 /Users/shishengyi/Projects/codingsky/aosp/iprogram/index.php(7): CApplication->run()
#8 /Users/shishengyi/Projects/codingsky/aosp/index.php(24): require_once('/Users/shisheng...')
#9 {main}
REQUEST_URI=/api/0
---
2017/06/29 07:27:10 [error] [exception.CHttpException.404] exception 'CHttpException' in /Users/shishengyi/Projects/codingsky/aosp/iprogram/protected/controllers/androidoscontroller.php:84
Stack trace:
#0 /Users/shishengyi/Projects/codingsky/aosp/framework/web/actions/CInlineAction.php(49): AndroidosController->actionBrowser()
#1 /Users/shishengyi/Projects/codingsky/aosp/framework/web/CController.php(308): CInlineAction->runWithParams(Array)
#2 /Users/shishengyi/Projects/codingsky/aosp/framework/web/CController.php(286): CController->runAction(Object(CInlineAction))
#3 /Users/shishengyi/Projects/codingsky/aosp/framework/web/CController.php(265): CController->runActionWithFilters(Object(CInlineAction), Array)
#4 /Users/shishengyi/Projects/codingsky/aosp/framework/web/CWebApplication.php(287): CController->run('browser')
#5 /Users/shishengyi/Projects/codingsky/aosp/framework/web/CWebApplication.php(143): CWebApplication->runController('androidos/brows...')
#6 /Users/shishengyi/Projects/codingsky/aosp/framework/base/CApplication.php(180): CWebApplication->processRequest()
#7 /Users/shishengyi/Projects/codingsky/aosp/iprogram/index.php(7): CApplication->run()
#8 /Users/shishengyi/Projects/codingsky/aosp/index.php(24): require_once('/Users/shisheng...')
#9 {main}
REQUEST_URI=/api/0
---
2017/06/29 07:27:34 [error] [exception.CHttpException.404] exception 'CHttpException' with message 'Unable to resolve the request "user/getloginuserinfo".' in /Users/shishengyi/Projects/codingsky/aosp/framework/web/CWebApplication.php:291
Stack trace:
#0 /Users/shishengyi/Projects/codingsky/aosp/framework/web/CWebApplication.php(143): CWebApplication->runController('user/getloginus...')
#1 /Users/shishengyi/Projects/codingsky/aosp/framework/base/CApplication.php(180): CWebApplication->processRequest()
#2 /Users/shishengyi/Projects/codingsky/aosp/iprogram/index.php(7): CApplication->run()
#3 /Users/shishengyi/Projects/codingsky/aosp/index.php(24): require_once('/Users/shisheng...')
#4 {main}
REQUEST_URI=/user/getloginuserinfo
HTTP_REFERER=http://aosp.com/api/8
---
2017/06/29 07:27:38 [error] [exception.CHttpException.404] exception 'CHttpException' with message 'Unable to resolve the request "user/getloginuserinfo".' in /Users/shishengyi/Projects/codingsky/aosp/framework/web/CWebApplication.php:291
Stack trace:
#0 /Users/shishengyi/Projects/codingsky/aosp/framework/web/CWebApplication.php(143): CWebApplication->runController('user/getloginus...')
#1 /Users/shishengyi/Projects/codingsky/aosp/framework/base/CApplication.php(180): CWebApplication->processRequest()
#2 /Users/shishengyi/Projects/codingsky/aosp/iprogram/index.php(7): CApplication->run()
#3 /Users/shishengyi/Projects/codingsky/aosp/index.php(24): require_once('/Users/shisheng...')
#4 {main}
REQUEST_URI=/user/getloginuserinfo
HTTP_REFERER=http://aosp.com/api/8
---
2017/06/29 07:27:39 [error] [exception.CHttpException.404] exception 'CHttpException' with message 'Unable to resolve the request "user/getloginuserinfo".' in /Users/shishengyi/Projects/codingsky/aosp/framework/web/CWebApplication.php:291
Stack trace:
#0 /Users/shishengyi/Projects/codingsky/aosp/framework/web/CWebApplication.php(143): CWebApplication->runController('user/getloginus...')
#1 /Users/shishengyi/Projects/codingsky/aosp/framework/base/CApplication.php(180): CWebApplication->processRequest()
#2 /Users/shishengyi/Projects/codingsky/aosp/iprogram/index.php(7): CApplication->run()
#3 /Users/shishengyi/Projects/codingsky/aosp/index.php(24): require_once('/Users/shisheng...')
#4 {main}
REQUEST_URI=/user/getloginuserinfo
HTTP_REFERER=http://aosp.com/
---
2017/06/29 07:27:42 [error] [exception.CHttpException.404] exception 'CHttpException' with message 'Unable to resolve the request "user/getloginuserinfo".' in /Users/shishengyi/Projects/codingsky/aosp/framework/web/CWebApplication.php:291
Stack trace:
#0 /Users/shishengyi/Projects/codingsky/aosp/framework/web/CWebApplication.php(143): CWebApplication->runController('user/getloginus...')
#1 /Users/shishengyi/Projects/codingsky/aosp/framework/base/CApplication.php(180): CWebApplication->processRequest()
#2 /Users/shishengyi/Projects/codingsky/aosp/iprogram/index.php(7): CApplication->run()
#3 /Users/shishengyi/Projects/codingsky/aosp/index.php(24): require_once('/Users/shisheng...')
#4 {main}
REQUEST_URI=/user/getloginuserinfo
HTTP_REFERER=http://aosp.com/?q=test
---
2017/06/29 07:27:51 [error] [exception.CHttpException.404] exception 'CHttpException' with message 'Unable to resolve the request "user/getloginuserinfo".' in /Users/shishengyi/Projects/codingsky/aosp/framework/web/CWebApplication.php:291
Stack trace:
#0 /Users/shishengyi/Projects/codingsky/aosp/framework/web/CWebApplication.php(143): CWebApplication->runController('user/getloginus...')
#1 /Users/shishengyi/Projects/codingsky/aosp/framework/base/CApplication.php(180): CWebApplication->processRequest()
#2 /Users/shishengyi/Projects/codingsky/aosp/iprogram/index.php(7): CApplication->run()
#3 /Users/shishengyi/Projects/codingsky/aosp/index.php(24): require_once('/Users/shisheng...')
#4 {main}
REQUEST_URI=/user/getloginuserinfo
HTTP_REFERER=http://aosp.com/
---
2017/06/29 07:27:53 [error] [system.db.CDbCommand] CDbCommand::fetchAll() failed: SQLSTATE[42S02]: Base table or view not found: 1146 Table 'aosp.android_os_info' doesn't exist. The SQL statement executed was: SHOW FULL COLUMNS FROM `android_os_info`.
2017/06/29 07:27:53 [error] [exception.CDbException] exception 'CDbException' with message 'The table "android_os_info" for active record class "AndroidOsInfo" cannot be found in the database.' in /Users/shishengyi/Projects/codingsky/aosp/framework/db/ar/CActiveRecord.php:2404
Stack trace:
#0 /Users/shishengyi/Projects/codingsky/aosp/framework/db/ar/CActiveRecord.php(411): CActiveRecordMetaData->__construct(Object(AndroidOsInfo))
#1 /Users/shishengyi/Projects/codingsky/aosp/framework/db/ar/CActiveRecord.php(79): CActiveRecord->getMetaData()
#2 /Users/shishengyi/Projects/codingsky/aosp/iprogram/protected/controllers/androidoscontroller.php(147): CActiveRecord->__construct()
#3 /Users/shishengyi/Projects/codingsky/aosp/framework/web/actions/CInlineAction.php(49): AndroidosController->actionBrowser()
#4 /Users/shishengyi/Projects/codingsky/aosp/framework/web/CController.php(308): CInlineAction->runWithParams(Array)
#5 /Users/shishengyi/Projects/codingsky/aosp/framework/web/CController.php(286): CController->runAction(Object(CInlineAction))
#6 /Users/shishengyi/Projects/codingsky/aosp/framework/web/CController.php(265): CController->runActionWithFilters(Object(CInlineAction), Array)
#7 /Users/shishengyi/Projects/codingsky/aosp/framework/web/CWebApplication.php(287): CController->run('browser')
#8 /Users/shishengyi/Projects/codingsky/aosp/framework/web/CWebApplication.php(143): CWebApplication->runController('androidos/brows...')
#9 /Users/shishengyi/Projects/codingsky/aosp/framework/base/CApplication.php(180): CWebApplication->processRequest()
#10 /Users/shishengyi/Projects/codingsky/aosp/iprogram/index.php(7): CApplication->run()
#11 /Users/shishengyi/Projects/codingsky/aosp/index.php(24): require_once('/Users/shisheng...')
#12 {main}
REQUEST_URI=/api/4?path=/frameworks
HTTP_REFERER=http://aosp.com/
---
2017/06/29 07:29:20 [error] [system.db.CDbCommand] CDbCommand::fetchAll() failed: SQLSTATE[42S02]: Base table or view not found: 1146 Table 'aosp.android_os_info' doesn't exist. The SQL statement executed was: SHOW FULL COLUMNS FROM `android_os_info`.
2017/06/29 07:29:20 [error] [exception.CDbException] exception 'CDbException' with message 'The table "android_os_info" for active record class "AndroidOsInfo" cannot be found in the database.' in /Users/shishengyi/Projects/codingsky/aosp/framework/db/ar/CActiveRecord.php:2404
Stack trace:
#0 /Users/shishengyi/Projects/codingsky/aosp/framework/db/ar/CActiveRecord.php(411): CActiveRecordMetaData->__construct(Object(AndroidOsInfo))
#1 /Users/shishengyi/Projects/codingsky/aosp/framework/db/ar/CActiveRecord.php(79): CActiveRecord->getMetaData()
#2 /Users/shishengyi/Projects/codingsky/aosp/iprogram/protected/controllers/androidoscontroller.php(147): CActiveRecord->__construct()
#3 /Users/shishengyi/Projects/codingsky/aosp/framework/web/actions/CInlineAction.php(49): AndroidosController->actionBrowser()
#4 /Users/shishengyi/Projects/codingsky/aosp/framework/web/CController.php(308): CInlineAction->runWithParams(Array)
#5 /Users/shishengyi/Projects/codingsky/aosp/framework/web/CController.php(286): CController->runAction(Object(CInlineAction))
#6 /Users/shishengyi/Projects/codingsky/aosp/framework/web/CController.php(265): CController->runActionWithFilters(Object(CInlineAction), Array)
#7 /Users/shishengyi/Projects/codingsky/aosp/framework/web/CWebApplication.php(287): CController->run('browser')
#8 /Users/shishengyi/Projects/codingsky/aosp/framework/web/CWebApplication.php(143): CWebApplication->runController('androidos/brows...')
#9 /Users/shishengyi/Projects/codingsky/aosp/framework/base/CApplication.php(180): CWebApplication->processRequest()
#10 /Users/shishengyi/Projects/codingsky/aosp/iprogram/index.php(7): CApplication->run()
#11 /Users/shishengyi/Projects/codingsky/aosp/index.php(24): require_once('/Users/shisheng...')
#12 {main}
REQUEST_URI=/api/4?path=/frameworks
HTTP_REFERER=http://aosp.com/
---
2017/06/29 14:05:35 [error] [exception.CHttpException.404] exception 'CHttpException' with message 'Unable to resolve the request "iprogram/assets/img/androidos/home.css".' in /Users/shishengyi/Projects/codingsky/aosp/framework/web/CWebApplication.php:291
Stack trace:
#0 /Users/shishengyi/Projects/codingsky/aosp/framework/web/CWebApplication.php(143): CWebApplication->runController('iprogram/assets...')
#1 /Users/shishengyi/Projects/codingsky/aosp/framework/base/CApplication.php(180): CWebApplication->processRequest()
#2 /Users/shishengyi/Projects/codingsky/aosp/iprogram/index.php(7): CApplication->run()
#3 /Users/shishengyi/Projects/codingsky/aosp/index.php(24): require_once('/Users/shisheng...')
#4 {main}
REQUEST_URI=/iprogram/assets/img/androidos/home.css
HTTP_REFERER=http://aosp.com/
---
2017/06/29 14:06:46 [error] [exception.CHttpException.404] exception 'CHttpException' with message 'Unable to resolve the request "user/getloginuserinfo".' in /Users/shishengyi/Projects/codingsky/aosp/framework/web/CWebApplication.php:291
Stack trace:
#0 /Users/shishengyi/Projects/codingsky/aosp/framework/web/CWebApplication.php(143): CWebApplication->runController('user/getloginus...')
#1 /Users/shishengyi/Projects/codingsky/aosp/framework/base/CApplication.php(180): CWebApplication->processRequest()
#2 /Users/shishengyi/Projects/codingsky/aosp/iprogram/index.php(7): CApplication->run()
#3 /Users/shishengyi/Projects/codingsky/aosp/index.php(24): require_once('/Users/shisheng...')
#4 {main}
REQUEST_URI=/user/getloginuserinfo
HTTP_REFERER=http://aosp.com/
---
2017/06/29 14:07:10 [error] [exception.CHttpException.404] exception 'CHttpException' with message 'Unable to resolve the request "iprogram/assets/img/androidos/home.css".' in /Users/shishengyi/Projects/codingsky/aosp/framework/web/CWebApplication.php:291
Stack trace:
#0 /Users/shishengyi/Projects/codingsky/aosp/framework/web/CWebApplication.php(143): CWebApplication->runController('iprogram/assets...')
#1 /Users/shishengyi/Projects/codingsky/aosp/framework/base/CApplication.php(180): CWebApplication->processRequest()
#2 /Users/shishengyi/Projects/codingsky/aosp/iprogram/index.php(7): CApplication->run()
#3 /Users/shishengyi/Projects/codingsky/aosp/index.php(24): require_once('/Users/shisheng...')
#4 {main}
REQUEST_URI=/iprogram/assets/img/androidos/home.css
HTTP_REFERER=http://aosp.com/
---
2017/06/29 14:07:10 [error] [exception.CHttpException.404] exception 'CHttpException' with message 'Unable to resolve the request "user/getloginuserinfo".' in /Users/shishengyi/Projects/codingsky/aosp/framework/web/CWebApplication.php:291
Stack trace:
#0 /Users/shishengyi/Projects/codingsky/aosp/framework/web/CWebApplication.php(143): CWebApplication->runController('user/getloginus...')
#1 /Users/shishengyi/Projects/codingsky/aosp/framework/base/CApplication.php(180): CWebApplication->processRequest()
#2 /Users/shishengyi/Projects/codingsky/aosp/iprogram/index.php(7): CApplication->run()
#3 /Users/shishengyi/Projects/codingsky/aosp/index.php(24): require_once('/Users/shisheng...')
#4 {main}
REQUEST_URI=/user/getloginuserinfo
HTTP_REFERER=http://aosp.com/
---
2017/06/29 14:07:12 [error] [exception.CHttpException.404] exception 'CHttpException' with message 'Unable to resolve the request "iprogram/assets/img/androidos/home.css".' in /Users/shishengyi/Projects/codingsky/aosp/framework/web/CWebApplication.php:291
Stack trace:
#0 /Users/shishengyi/Projects/codingsky/aosp/framework/web/CWebApplication.php(143): CWebApplication->runController('iprogram/assets...')
#1 /Users/shishengyi/Projects/codingsky/aosp/framework/base/CApplication.php(180): CWebApplication->processRequest()
#2 /Users/shishengyi/Projects/codingsky/aosp/iprogram/index.php(7): CApplication->run()
#3 /Users/shishengyi/Projects/codingsky/aosp/index.php(24): require_once('/Users/shisheng...')
#4 {main}
REQUEST_URI=/iprogram/assets/img/androidos/home.css
HTTP_REFERER=http://aosp.com/
---
2017/06/29 14:07:12 [error] [exception.CHttpException.404] exception 'CHttpException' with message 'Unable to resolve the request "user/getloginuserinfo".' in /Users/shishengyi/Projects/codingsky/aosp/framework/web/CWebApplication.php:291
Stack trace:
#0 /Users/shishengyi/Projects/codingsky/aosp/framework/web/CWebApplication.php(143): CWebApplication->runController('user/getloginus...')
#1 /Users/shishengyi/Projects/codingsky/aosp/framework/base/CApplication.php(180): CWebApplication->processRequest()
#2 /Users/shishengyi/Projects/codingsky/aosp/iprogram/index.php(7): CApplication->run()
#3 /Users/shishengyi/Projects/codingsky/aosp/index.php(24): require_once('/Users/shisheng...')
#4 {main}
REQUEST_URI=/user/getloginuserinfo
HTTP_REFERER=http://aosp.com/
---
2017/06/29 14:07:15 [error] [exception.CHttpException.404] exception 'CHttpException' with message 'Unable to resolve the request "favicon.ico".' in /Users/shishengyi/Projects/codingsky/aosp/framework/web/CWebApplication.php:291
Stack trace:
#0 /Users/shishengyi/Projects/codingsky/aosp/framework/web/CWebApplication.php(143): CWebApplication->runController('favicon.ico')
#1 /Users/shishengyi/Projects/codingsky/aosp/framework/base/CApplication.php(180): CWebApplication->processRequest()
#2 /Users/shishengyi/Projects/codingsky/aosp/iprogram/index.php(7): CApplication->run()
#3 /Users/shishengyi/Projects/codingsky/aosp/index.php(24): require_once('/Users/shisheng...')
#4 {main}
REQUEST_URI=/favicon.ico
HTTP_REFERER=http://aosp.com/
---
2017/06/29 14:09:08 [error] [exception.CHttpException.404] exception 'CHttpException' with message 'Unable to resolve the request "iprogram/assets/img/androidos/home.css".' in /Users/shishengyi/Projects/codingsky/aosp/framework/web/CWebApplication.php:291
Stack trace:
#0 /Users/shishengyi/Projects/codingsky/aosp/framework/web/CWebApplication.php(143): CWebApplication->runController('iprogram/assets...')
#1 /Users/shishengyi/Projects/codingsky/aosp/framework/base/CApplication.php(180): CWebApplication->processRequest()
#2 /Users/shishengyi/Projects/codingsky/aosp/iprogram/index.php(7): CApplication->run()
#3 /Users/shishengyi/Projects/codingsky/aosp/index.php(24): require_once('/Users/shisheng...')
#4 {main}
REQUEST_URI=/iprogram/assets/img/androidos/home.css
HTTP_REFERER=http://aosp.com/api/5
---
2017/06/29 14:09:08 [error] [exception.CHttpException.404] exception 'CHttpException' with message 'Unable to resolve the request "user/getloginuserinfo".' in /Users/shishengyi/Projects/codingsky/aosp/framework/web/CWebApplication.php:291
Stack trace:
#0 /Users/shishengyi/Projects/codingsky/aosp/framework/web/CWebApplication.php(143): CWebApplication->runController('user/getloginus...')
#1 /Users/shishengyi/Projects/codingsky/aosp/framework/base/CApplication.php(180): CWebApplication->processRequest()
#2 /Users/shishengyi/Projects/codingsky/aosp/iprogram/index.php(7): CApplication->run()
#3 /Users/shishengyi/Projects/codingsky/aosp/index.php(24): require_once('/Users/shisheng...')
#4 {main}
REQUEST_URI=/user/getloginuserinfo
HTTP_REFERER=http://aosp.com/api/5
---
2017/06/29 14:09:37 [error] [exception.CHttpException.404] exception 'CHttpException' with message 'Unable to resolve the request "iprogram/assets/img/androidos/home.css".' in /Users/shishengyi/Projects/codingsky/aosp/framework/web/CWebApplication.php:291
Stack trace:
#0 /Users/shishengyi/Projects/codingsky/aosp/framework/web/CWebApplication.php(143): CWebApplication->runController('iprogram/assets...')
#1 /Users/shishengyi/Projects/codingsky/aosp/framework/base/CApplication.php(180): CWebApplication->processRequest()
#2 /Users/shishengyi/Projects/codingsky/aosp/iprogram/index.php(7): CApplication->run()
#3 /Users/shishengyi/Projects/codingsky/aosp/index.php(24): require_once('/Users/shisheng...')
#4 {main}
REQUEST_URI=/iprogram/assets/img/androidos/home.css
HTTP_REFERER=http://aosp.com/
---
2017/06/29 14:09:37 [error] [exception.CHttpException.404] exception 'CHttpException' with message 'Unable to resolve the request "user/getloginuserinfo".' in /Users/shishengyi/Projects/codingsky/aosp/framework/web/CWebApplication.php:291
Stack trace:
#0 /Users/shishengyi/Projects/codingsky/aosp/framework/web/CWebApplication.php(143): CWebApplication->runController('user/getloginus...')
#1 /Users/shishengyi/Projects/codingsky/aosp/framework/base/CApplication.php(180): CWebApplication->processRequest()
#2 /Users/shishengyi/Projects/codingsky/aosp/iprogram/index.php(7): CApplication->run()
#3 /Users/shishengyi/Projects/codingsky/aosp/index.php(24): require_once('/Users/shisheng...')
#4 {main}
REQUEST_URI=/user/getloginuserinfo
HTTP_REFERER=http://aosp.com/
---
2017/06/29 14:10:23 [error] [exception.CHttpException.404] exception 'CHttpException' with message 'Unable to resolve the request "iprogram/assets/img/androidos/home.css".' in /Users/shishengyi/Projects/codingsky/aosp/framework/web/CWebApplication.php:291
Stack trace:
#0 /Users/shishengyi/Projects/codingsky/aosp/framework/web/CWebApplication.php(143): CWebApplication->runController('iprogram/assets...')
#1 /Users/shishengyi/Projects/codingsky/aosp/framework/base/CApplication.php(180): CWebApplication->processRequest()
#2 /Users/shishengyi/Projects/codingsky/aosp/iprogram/index.php(7): CApplication->run()
#3 /Users/shishengyi/Projects/codingsky/aosp/index.php(24): require_once('/Users/shisheng...')
#4 {main}
REQUEST_URI=/iprogram/assets/img/androidos/home.css
HTTP_REFERER=http://aosp.com/
---
2017/06/29 14:10:24 [error] [exception.CHttpException.404] exception 'CHttpException' with message 'Unable to resolve the request "user/getloginuserinfo".' in /Users/shishengyi/Projects/codingsky/aosp/framework/web/CWebApplication.php:291
Stack trace:
#0 /Users/shishengyi/Projects/codingsky/aosp/framework/web/CWebApplication.php(143): CWebApplication->runController('user/getloginus...')
#1 /Users/shishengyi/Projects/codingsky/aosp/framework/base/CApplication.php(180): CWebApplication->processRequest()
#2 /Users/shishengyi/Projects/codingsky/aosp/iprogram/index.php(7): CApplication->run()
#3 /Users/shishengyi/Projects/codingsky/aosp/index.php(24): require_once('/Users/shisheng...')
#4 {main}
REQUEST_URI=/user/getloginuserinfo
HTTP_REFERER=http://aosp.com/
---
2017/06/29 14:10:31 [error] [exception.CHttpException.404] exception 'CHttpException' with message 'Unable to resolve the request "iprogram/assets/img/androidos/home.css".' in /Users/shishengyi/Projects/codingsky/aosp/framework/web/CWebApplication.php:291
Stack trace:
#0 /Users/shishengyi/Projects/codingsky/aosp/framework/web/CWebApplication.php(143): CWebApplication->runController('iprogram/assets...')
#1 /Users/shishengyi/Projects/codingsky/aosp/framework/base/CApplication.php(180): CWebApplication->processRequest()
#2 /Users/shishengyi/Projects/codingsky/aosp/iprogram/index.php(7): CApplication->run()
#3 /Users/shishengyi/Projects/codingsky/aosp/index.php(24): require_once('/Users/shisheng...')
#4 {main}
REQUEST_URI=/iprogram/assets/img/androidos/home.css
HTTP_REFERER=http://aosp.com/
---
2017/06/29 14:10:37 [error] [exception.CHttpException.404] exception 'CHttpException' with message 'Unable to resolve the request "iprogram/assets/img/androidos/home.css".' in /Users/shishengyi/Projects/codingsky/aosp/framework/web/CWebApplication.php:291
Stack trace:
#0 /Users/shishengyi/Projects/codingsky/aosp/framework/web/CWebApplication.php(143): CWebApplication->runController('iprogram/assets...')
#1 /Users/shishengyi/Projects/codingsky/aosp/framework/base/CApplication.php(180): CWebApplication->processRequest()
#2 /Users/shishengyi/Projects/codingsky/aosp/iprogram/index.php(7): CApplication->run()
#3 /Users/shishengyi/Projects/codingsky/aosp/index.php(24): require_once('/Users/shisheng...')
#4 {main}
REQUEST_URI=/iprogram/assets/img/androidos/home.css
HTTP_REFERER=http://aosp.com/
---
2017/06/29 14:10:37 [error] [exception.CHttpException.404] exception 'CHttpException' with message 'Unable to resolve the request "user/getloginuserinfo".' in /Users/shishengyi/Projects/codingsky/aosp/framework/web/CWebApplication.php:291
Stack trace:
#0 /Users/shishengyi/Projects/codingsky/aosp/framework/web/CWebApplication.php(143): CWebApplication->runController('user/getloginus...')
#1 /Users/shishengyi/Projects/codingsky/aosp/framework/base/CApplication.php(180): CWebApplication->processRequest()
#2 /Users/shishengyi/Projects/codingsky/aosp/iprogram/index.php(7): CApplication->run()
#3 /Users/shishengyi/Projects/codingsky/aosp/index.php(24): require_once('/Users/shisheng...')
#4 {main}
REQUEST_URI=/user/getloginuserinfo
HTTP_REFERER=http://aosp.com/
---
2017/06/29 14:13:29 [error] [exception.CHttpException.404] exception 'CHttpException' with message 'Unable to resolve the request "user/getloginuserinfo".' in /Users/shishengyi/Projects/codingsky/aosp/framework/web/CWebApplication.php:291
Stack trace:
#0 /Users/shishengyi/Projects/codingsky/aosp/framework/web/CWebApplication.php(143): CWebApplication->runController('user/getloginus...')
#1 /Users/shishengyi/Projects/codingsky/aosp/framework/base/CApplication.php(180): CWebApplication->processRequest()
#2 /Users/shishengyi/Projects/codingsky/aosp/iprogram/index.php(7): CApplication->run()
#3 /Users/shishengyi/Projects/codingsky/aosp/index.php(24): require_once('/Users/shisheng...')
#4 {main}
REQUEST_URI=/user/getloginuserinfo
HTTP_REFERER=http://aosp.com/
---
2017/06/29 14:13:34 [error] [exception.CHttpException.404] exception 'CHttpException' with message 'Unable to resolve the request "user/getloginuserinfo".' in /Users/shishengyi/Projects/codingsky/aosp/framework/web/CWebApplication.php:291
Stack trace:
#0 /Users/shishengyi/Projects/codingsky/aosp/framework/web/CWebApplication.php(143): CWebApplication->runController('user/getloginus...')
#1 /Users/shishengyi/Projects/codingsky/aosp/framework/base/CApplication.php(180): CWebApplication->processRequest()
#2 /Users/shishengyi/Projects/codingsky/aosp/iprogram/index.php(7): CApplication->run()
#3 /Users/shishengyi/Projects/codingsky/aosp/index.php(24): require_once('/Users/shisheng...')
#4 {main}
REQUEST_URI=/user/getloginuserinfo
HTTP_REFERER=http://aosp.com/api/4?path=/frameworks
---
2017/06/29 14:13:56 [error] [exception.CHttpException.404] exception 'CHttpException' with message 'Unable to resolve the request "user/getloginuserinfo".' in /Users/shishengyi/Projects/codingsky/aosp/framework/web/CWebApplication.php:291
Stack trace:
#0 /Users/shishengyi/Projects/codingsky/aosp/framework/web/CWebApplication.php(143): CWebApplication->runController('user/getloginus...')
#1 /Users/shishengyi/Projects/codingsky/aosp/framework/base/CApplication.php(180): CWebApplication->processRequest()
#2 /Users/shishengyi/Projects/codingsky/aosp/iprogram/index.php(7): CApplication->run()
#3 /Users/shishengyi/Projects/codingsky/aosp/index.php(24): require_once('/Users/shisheng...')
#4 {main}
REQUEST_URI=/user/getloginuserinfo
HTTP_REFERER=http://aosp.com/api/4?path=/frameworks
---
2017/06/29 14:14:21 [error] [exception.CHttpException.404] exception 'CHttpException' with message 'Unable to resolve the request "user/getloginuserinfo".' in /Users/shishengyi/Projects/codingsky/aosp/framework/web/CWebApplication.php:291
Stack trace:
#0 /Users/shishengyi/Projects/codingsky/aosp/framework/web/CWebApplication.php(143): CWebApplication->runController('user/getloginus...')
#1 /Users/shishengyi/Projects/codingsky/aosp/framework/base/CApplication.php(180): CWebApplication->processRequest()
#2 /Users/shishengyi/Projects/codingsky/aosp/iprogram/index.php(7): CApplication->run()
#3 /Users/shishengyi/Projects/codingsky/aosp/index.php(24): require_once('/Users/shisheng...')
#4 {main}
REQUEST_URI=/user/getloginuserinfo
HTTP_REFERER=http://aosp.com/api/4?path=/frameworks
---
2017/06/29 14:14:34 [error] [exception.CHttpException.404] exception 'CHttpException' with message 'Unable to resolve the request "user/getloginuserinfo".' in /Users/shishengyi/Projects/codingsky/aosp/framework/web/CWebApplication.php:291
Stack trace:
#0 /Users/shishengyi/Projects/codingsky/aosp/framework/web/CWebApplication.php(143): CWebApplication->runController('user/getloginus...')
#1 /Users/shishengyi/Projects/codingsky/aosp/framework/base/CApplication.php(180): CWebApplication->processRequest()
#2 /Users/shishengyi/Projects/codingsky/aosp/iprogram/index.php(7): CApplication->run()
#3 /Users/shishengyi/Projects/codingsky/aosp/index.php(24): require_once('/Users/shisheng...')
#4 {main}
REQUEST_URI=/user/getloginuserinfo
HTTP_REFERER=http://aosp.com/api/4?path=/frameworks
---
2017/06/29 14:20:00 [error] [exception.CHttpException.404] exception 'CHttpException' with message 'Unable to resolve the request "user/getloginuserinfo".' in /Users/shishengyi/Projects/codingsky/aosp/framework/web/CWebApplication.php:291
Stack trace:
#0 /Users/shishengyi/Projects/codingsky/aosp/framework/web/CWebApplication.php(143): CWebApplication->runController('user/getloginus...')
#1 /Users/shishengyi/Projects/codingsky/aosp/framework/base/CApplication.php(180): CWebApplication->processRequest()
#2 /Users/shishengyi/Projects/codingsky/aosp/iprogram/index.php(7): CApplication->run()
#3 /Users/shishengyi/Projects/codingsky/aosp/index.php(24): require_once('/Users/shisheng...')
#4 {main}
REQUEST_URI=/user/getloginuserinfo
HTTP_REFERER=http://aosp.com/api/4?path=/frameworks
---
2017/06/29 14:20:04 [error] [exception.CHttpException.404] exception 'CHttpException' with message 'Unable to resolve the request "user/getloginuserinfo".' in /Users/shishengyi/Projects/codingsky/aosp/framework/web/CWebApplication.php:291
Stack trace:
#0 /Users/shishengyi/Projects/codingsky/aosp/framework/web/CWebApplication.php(143): CWebApplication->runController('user/getloginus...')
#1 /Users/shishengyi/Projects/codingsky/aosp/framework/base/CApplication.php(180): CWebApplication->processRequest()
#2 /Users/shishengyi/Projects/codingsky/aosp/iprogram/index.php(7): CApplication->run()
#3 /Users/shishengyi/Projects/codingsky/aosp/index.php(24): require_once('/Users/shisheng...')
#4 {main}
REQUEST_URI=/user/getloginuserinfo
HTTP_REFERER=http://aosp.com/
---
2017/06/29 14:20:06 [error] [exception.CHttpException.404] exception 'CHttpException' with message 'Unable to resolve the request "user/getloginuserinfo".' in /Users/shishengyi/Projects/codingsky/aosp/framework/web/CWebApplication.php:291
Stack trace:
#0 /Users/shishengyi/Projects/codingsky/aosp/framework/web/CWebApplication.php(143): CWebApplication->runController('user/getloginus...')
#1 /Users/shishengyi/Projects/codingsky/aosp/framework/base/CApplication.php(180): CWebApplication->processRequest()
#2 /Users/shishengyi/Projects/codingsky/aosp/iprogram/index.php(7): CApplication->run()
#3 /Users/shishengyi/Projects/codingsky/aosp/index.php(24): require_once('/Users/shisheng...')
#4 {main}
REQUEST_URI=/user/getloginuserinfo
HTTP_REFERER=http://aosp.com/api/4?path=/dalvik
---
2017/06/29 14:20:08 [error] [exception.CHttpException.404] exception 'CHttpException' with message 'Unable to resolve the request "user/getloginuserinfo".' in /Users/shishengyi/Projects/codingsky/aosp/framework/web/CWebApplication.php:291
Stack trace:
#0 /Users/shishengyi/Projects/codingsky/aosp/framework/web/CWebApplication.php(143): CWebApplication->runController('user/getloginus...')
#1 /Users/shishengyi/Projects/codingsky/aosp/framework/base/CApplication.php(180): CWebApplication->processRequest()
#2 /Users/shishengyi/Projects/codingsky/aosp/iprogram/index.php(7): CApplication->run()
#3 /Users/shishengyi/Projects/codingsky/aosp/index.php(24): require_once('/Users/shisheng...')
#4 {main}
REQUEST_URI=/user/getloginuserinfo
HTTP_REFERER=http://aosp.com/
---
2017/06/29 14:20:09 [error] [exception.CHttpException.404] exception 'CHttpException' with message 'Unable to resolve the request "user/getloginuserinfo".' in /Users/shishengyi/Projects/codingsky/aosp/framework/web/CWebApplication.php:291
Stack trace:
#0 /Users/shishengyi/Projects/codingsky/aosp/framework/web/CWebApplication.php(143): CWebApplication->runController('user/getloginus...')
#1 /Users/shishengyi/Projects/codingsky/aosp/framework/base/CApplication.php(180): CWebApplication->processRequest()
#2 /Users/shishengyi/Projects/codingsky/aosp/iprogram/index.php(7): CApplication->run()
#3 /Users/shishengyi/Projects/codingsky/aosp/index.php(24): require_once('/Users/shisheng...')
#4 {main}
REQUEST_URI=/user/getloginuserinfo
HTTP_REFERER=http://aosp.com/?q=tt
---
